This file contains any messages produced by compilers while
running configure, to aid debugging if configure makes a mistake.

It was created by libhpdf configure 2.2.1, which was
generated by GNU Autoconf 2.65.  Invocation command line was

  $ ./configure --without-png

## --------- ##
## Platform. ##
## --------- ##

hostname = Darkstar
uname -m = x86_64
uname -r = 11.4.0
uname -s = Darwin
uname -v = Darwin Kernel Version 11.4.0: Mon Apr  9 19:32:15 PDT 2012; root:xnu-1699.26.8~1/RELEASE_X86_64

/usr/bin/uname -p = i386
/bin/uname -X     = unknown

/bin/arch              = unknown
/usr/bin/arch -k       = unknown
/usr/convex/getsysinfo = unknown
/usr/bin/hostinfo      = Mach kernel version:
	 Darwin Kernel Version 11.4.0: Mon Apr  9 19:32:15 PDT 2012; root:xnu-1699.26.8~1/RELEASE_X86_64
Kernel configured for up to 4 processors.
2 processors are physically available.
4 processors are logically available.
Processor type: i486 (Intel 80486)
Processors active: 0 1 2 3
Primary memory available: 4.00 gigabytes
Default processor set: 82 tasks, 457 threads, 4 processors
Load average: 0.97, Mach factor: 3.02
/bin/machine           = unknown
/usr/bin/oslevel       = unknown
/bin/universe          = unknown

PATH: /Users/zack/bin
PATH: /usr/bin
PATH: /bin
PATH: /usr/sbin
PATH: /sbin
PATH: /usr/local/bin
PATH: /usr/X11/bin
PATH: /Users/zack/bin
PATH: /usr/local/bin/x86_64-apple-darwin10.4.0
PATH: /Users/zack/android-sdk-mac_86/tools
PATH: /Applications/Xcode.app/Contents/Developer/usr/bin


## ----------- ##
## Core tests. ##
## ----------- ##

configure:2417: checking for a BSD-compatible install
configure:2485: result: /usr/bin/install -c
configure:2496: checking whether build environment is sane
configure:2546: result: yes
configure:2687: checking for a thread-safe mkdir -p
configure:2726: result: ./install-sh -c -d
configure:2739: checking for gawk
configure:2769: result: no
configure:2739: checking for mawk
configure:2769: result: no
configure:2739: checking for nawk
configure:2769: result: no
configure:2739: checking for awk
configure:2755: found /usr/bin/awk
configure:2766: result: awk
configure:2777: checking whether make sets $(MAKE)
configure:2799: result: yes
configure:2871: checking whether to enable maintainer-specific portions of Makefiles
configure:2880: result: no
configure:2942: checking for gcc
configure:2958: found /usr/bin/gcc
configure:2969: result: gcc
configure:3198: checking for C compiler version
configure:3207: gcc --version >&5
i686-apple-darwin11-llvm-gcc-4.2 (GCC) 4.2.1 (Based on Apple Inc. build 5658) (LLVM build 2336.9.00)
Copyright (C) 2007 Free Software Foundation, Inc.
This is free software; see the source for copying conditions.  There is NO
warranty; not even for MERCHANTABILITY or FITNESS FOR A PARTICULAR PURPOSE.

configure:3218: $? = 0
configure:3207: gcc -v >&5
Using built-in specs.
Target: i686-apple-darwin11
Configured with: /private/var/tmp/llvmgcc42/llvmgcc42-2336.9~22/src/configure --disable-checking --enable-werror --prefix=/Applications/Xcode.app/Contents/Developer/usr/llvm-gcc-4.2 --mandir=/share/man --enable-languages=c,objc,c++,obj-c++ --program-prefix=llvm- --program-transform-name=/^[cg][^.-]*$/s/$/-4.2/ --with-slibdir=/usr/lib --build=i686-apple-darwin11 --enable-llvm=/private/var/tmp/llvmgcc42/llvmgcc42-2336.9~22/dst-llvmCore/Developer/usr/local --program-prefix=i686-apple-darwin11- --host=x86_64-apple-darwin11 --target=i686-apple-darwin11 --with-gxx-include-dir=/usr/include/c++/4.2.1
Thread model: posix
gcc version 4.2.1 (Based on Apple Inc. build 5658) (LLVM build 2336.9.00)
configure:3218: $? = 0
configure:3207: gcc -V >&5
llvm-gcc-4.2: argument to `-V' is missing
configure:3218: $? = 1
configure:3207: gcc -qversion >&5
i686-apple-darwin11-llvm-gcc-4.2: no input files
configure:3218: $? = 1
configure:3238: checking whether the C compiler works
configure:3260: gcc -m32   conftest.c  >&5
configure:3264: $? = 0
configure:3313: result: yes
configure:3316: checking for C compiler default output file name
configure:3318: result: a.out
configure:3324: checking for suffix of executables
configure:3331: gcc -o conftest -m32   conftest.c  >&5
configure:3335: $? = 0
configure:3357: result: 
configure:3379: checking whether we are cross compiling
configure:3387: gcc -o conftest -m32   conftest.c  >&5
configure:3391: $? = 0
configure:3398: ./conftest
configure:3402: $? = 0
configure:3417: result: no
configure:3422: checking for suffix of object files
configure:3444: gcc -c -m32  conftest.c >&5
configure:3448: $? = 0
configure:3469: result: o
configure:3473: checking whether we are using the GNU C compiler
configure:3492: gcc -c -m32  conftest.c >&5
configure:3492: $? = 0
configure:3501: result: yes
configure:3510: checking whether gcc accepts -g
configure:3530: gcc -c -g  conftest.c >&5
configure:3530: $? = 0
configure:3571: result: yes
configure:3588: checking for gcc option to accept ISO C89
configure:3652: gcc  -c -m32  conftest.c >&5
configure:3652: $? = 0
configure:3665: result: none needed
configure:3696: checking for style of include used by make
configure:3724: result: GNU
configure:3749: checking dependency style of gcc
configure:3859: result: gcc3
configure:3878: checking build system type
configure:3892: result: i386-apple-darwin11.4.0
configure:3912: checking host system type
configure:3925: result: i386-apple-darwin11.4.0
configure:3945: checking for a sed that does not truncate output
configure:4009: result: /usr/bin/sed
configure:4027: checking for grep that handles long lines and -e
configure:4085: result: /usr/bin/grep
configure:4090: checking for egrep
configure:4152: result: /usr/bin/grep -E
configure:4157: checking for fgrep
configure:4219: result: /usr/bin/grep -F
configure:4254: checking for ld used by gcc
configure:4321: result: /usr/llvm-gcc-4.2/libexec/gcc/i686-apple-darwin11/4.2.1/ld
configure:4328: checking if the linker (/usr/llvm-gcc-4.2/libexec/gcc/i686-apple-darwin11/4.2.1/ld) is GNU ld
configure:4343: result: no
configure:4380: checking for BSD- or MS-compatible name lister (nm)
configure:4429: result: /usr/bin/nm
configure:4547: checking the name lister (/usr/bin/nm) interface
configure:4554: gcc -c -m32  conftest.c >&5
configure:4557: /usr/bin/nm "conftest.o"
configure:4560: output
00000000 S _some_variable
configure:4567: result: BSD nm
configure:4570: checking whether ln -s works
configure:4574: result: yes
configure:4582: checking the maximum length of command line arguments
configure:4702: result: 196608
configure:4719: checking whether the shell understands some XSI constructs
configure:4729: result: yes
configure:4733: checking whether the shell understands "+="
configure:4739: result: yes
configure:4774: checking for /usr/llvm-gcc-4.2/libexec/gcc/i686-apple-darwin11/4.2.1/ld option to reload object files
configure:4781: result: -r
configure:4850: checking for objdump
configure:4880: result: no
configure:4909: checking how to recognize dependent libraries
configure:5105: result: pass_all
configure:5165: checking for ar
configure:5181: found /usr/bin/ar
configure:5192: result: ar
configure:5270: checking for strip
configure:5286: found /usr/bin/strip
configure:5297: result: strip
configure:5369: checking for ranlib
configure:5385: found /usr/bin/ranlib
configure:5396: result: ranlib
configure:5486: checking command to parse /usr/bin/nm output from gcc object
configure:5604: gcc -c -m32  conftest.c >&5
configure:5607: $? = 0
configure:5611: /usr/bin/nm conftest.o \| sed -n -e 's/^.*[	 ]\([BCDEGRST][BCDEGRST]*\)[	 ][	 ]*\([_A-Za-z][_A-Za-z0-9]*\)$/\1 \2 \2/p' \> conftest.nm
configure:5614: $? = 0
cannot find nm_test_var in conftest.nm
configure:5604: gcc -c -m32  conftest.c >&5
configure:5607: $? = 0
configure:5611: /usr/bin/nm conftest.o \| sed -n -e 's/^.*[	 ]\([BCDEGRST][BCDEGRST]*\)[	 ][	 ]*_\([_A-Za-z][_A-Za-z0-9]*\)$/\1 _\2 \2/p' \> conftest.nm
configure:5614: $? = 0
configure:5668: gcc -o conftest -m32   conftest.c conftstm.o >&5
configure:5671: $? = 0
configure:5709: result: ok
configure:5974: checking for dsymutil
configure:5990: found /usr/bin/dsymutil
configure:6001: result: dsymutil
configure:6066: checking for nmedit
configure:6082: found /usr/bin/nmedit
configure:6093: result: nmedit
configure:6158: checking for lipo
configure:6174: found /usr/bin/lipo
configure:6185: result: lipo
configure:6250: checking for otool
configure:6266: found /usr/bin/otool
configure:6277: result: otool
configure:6342: checking for otool64
configure:6372: result: no
configure:6417: checking for -single_module linker flag
gcc -m32  -o libconftest.dylib -dynamiclib -Wl,-single_module conftest.c
configure:6444: result: yes
configure:6446: checking for -exported_symbols_list linker flag
configure:6466: gcc -o conftest -m32   -Wl,-exported_symbols_list,conftest.sym conftest.c  >&5
configure:6466: $? = 0
configure:6476: result: yes
configure:6518: checking how to run the C preprocessor
configure:6549: gcc -E  conftest.c
configure:6549: $? = 0
configure:6563: gcc -E  conftest.c
conftest.c:9:28: error: ac_nonexistent.h: No such file or directory
configure:6563: $? = 1
configure: failed program was:
| /* confdefs.h */
| #define PACKAGE_NAME "libhpdf"
| #define PACKAGE_TARNAME "libhpdf"
| #define PACKAGE_VERSION "2.2.1"
| #define PACKAGE_STRING "libhpdf 2.2.1"
| #define PACKAGE_BUGREPORT ""
| #define PACKAGE_URL ""
| /* end confdefs.h.  */
| #include <ac_nonexistent.h>
configure:6588: result: gcc -E
configure:6608: gcc -E  conftest.c
configure:6608: $? = 0
configure:6622: gcc -E  conftest.c
conftest.c:9:28: error: ac_nonexistent.h: No such file or directory
configure:6622: $? = 1
configure: failed program was:
| /* confdefs.h */
| #define PACKAGE_NAME "libhpdf"
| #define PACKAGE_TARNAME "libhpdf"
| #define PACKAGE_VERSION "2.2.1"
| #define PACKAGE_STRING "libhpdf 2.2.1"
| #define PACKAGE_BUGREPORT ""
| #define PACKAGE_URL ""
| /* end confdefs.h.  */
| #include <ac_nonexistent.h>
configure:6651: checking for ANSI C header files
configure:6671: gcc -c -m32  conftest.c >&5
configure:6671: $? = 0
configure:6744: gcc -o conftest -m32   conftest.c  >&5
configure:6744: $? = 0
configure:6744: ./conftest
configure:6744: $? = 0
configure:6755: result: yes
configure:6768: checking for sys/types.h
configure:6768: gcc -c -m32  conftest.c >&5
configure:6768: $? = 0
configure:6768: result: yes
configure:6768: checking for sys/stat.h
configure:6768: gcc -c -m32  conftest.c >&5
configure:6768: $? = 0
configure:6768: result: yes
configure:6768: checking for stdlib.h
configure:6768: gcc -c -m32  conftest.c >&5
configure:6768: $? = 0
configure:6768: result: yes
configure:6768: checking for string.h
configure:6768: gcc -c -m32  conftest.c >&5
configure:6768: $? = 0
configure:6768: result: yes
configure:6768: checking for memory.h
configure:6768: gcc -c -m32  conftest.c >&5
configure:6768: $? = 0
configure:6768: result: yes
configure:6768: checking for strings.h
configure:6768: gcc -c -m32  conftest.c >&5
configure:6768: $? = 0
configure:6768: result: yes
configure:6768: checking for inttypes.h
configure:6768: gcc -c -m32  conftest.c >&5
configure:6768: $? = 0
configure:6768: result: yes
configure:6768: checking for stdint.h
configure:6768: gcc -c -m32  conftest.c >&5
configure:6768: $? = 0
configure:6768: result: yes
configure:6768: checking for unistd.h
configure:6768: gcc -c -m32  conftest.c >&5
configure:6768: $? = 0
configure:6768: result: yes
configure:6783: checking for dlfcn.h
configure:6783: gcc -c -m32  conftest.c >&5
configure:6783: $? = 0
configure:6783: result: yes
configure:6967: checking for objdir
configure:6982: result: .libs
configure:7274: checking if gcc supports -fno-rtti -fno-exceptions
configure:7292: gcc -c -m32  -fno-rtti -fno-exceptions conftest.c >&5
cc1: warning: command line option "-fno-rtti" is valid for C++/ObjC++ but not for C
configure:7296: $? = 0
configure:7309: result: no
configure:7329: checking for gcc option to produce PIC
configure:7601: result: -fno-common -DPIC
configure:7613: checking if gcc PIC flag -fno-common -DPIC works
configure:7631: gcc -c -m32  -fno-common -DPIC -DPIC conftest.c >&5
configure:7635: $? = 0
configure:7648: result: yes
configure:7672: checking if gcc static flag -static works
configure:7700: result: no
configure:7715: checking if gcc supports -c -o file.o
configure:7736: gcc -c -m32  -o out/conftest2.o conftest.c >&5
configure:7740: $? = 0
configure:7762: result: yes
configure:7770: checking if gcc supports -c -o file.o
configure:7817: result: yes
configure:7850: checking whether the gcc linker (/usr/llvm-gcc-4.2/libexec/gcc/i686-apple-darwin11/4.2.1/ld) supports shared libraries
configure:8836: result: yes
configure:9075: checking dynamic linker characteristics
configure:9726: result: darwin11.4.0 dyld
configure:9828: checking how to hardcode library paths into programs
configure:9853: result: immediate
configure:10373: checking whether stripping libraries is possible
configure:10387: result: yes
configure:10413: checking if libtool supports shared libraries
configure:10415: result: yes
configure:10418: checking whether to build shared libraries
configure:10439: result: yes
configure:10442: checking whether to build static libraries
configure:10446: result: yes
configure:10482: checking for egrep
configure:10544: result: /usr/bin/grep -E
configure:10550: checking for size_t
configure:10550: gcc -c -m32  conftest.c >&5
configure:10550: $? = 0
configure:10550: gcc -c -m32  conftest.c >&5
conftest.c: In function 'main':
conftest.c:57: error: expected expression before ')' token
configure:10550: $? = 1
configure: failed program was:
| /* confdefs.h */
| #define PACKAGE_NAME "libhpdf"
| #define PACKAGE_TARNAME "libhpdf"
| #define PACKAGE_VERSION "2.2.1"
| #define PACKAGE_STRING "libhpdf 2.2.1"
| #define PACKAGE_BUGREPORT ""
| #define PACKAGE_URL ""
| #define STDC_HEADERS 1
| #define HAVE_SYS_TYPES_H 1
| #define HAVE_SYS_STAT_H 1
| #define HAVE_STDLIB_H 1
| #define HAVE_STRING_H 1
| #define HAVE_MEMORY_H 1
| #define HAVE_STRINGS_H 1
| #define HAVE_INTTYPES_H 1
| #define HAVE_STDINT_H 1
| #define HAVE_UNISTD_H 1
| #define HAVE_DLFCN_H 1
| #define LT_OBJDIR ".libs/"
| /* end confdefs.h.  */
| #include <stdio.h>
| #ifdef HAVE_SYS_TYPES_H
| # include <sys/types.h>
| #endif
| #ifdef HAVE_SYS_STAT_H
| # include <sys/stat.h>
| #endif
| #ifdef STDC_HEADERS
| # include <stdlib.h>
| # include <stddef.h>
| #else
| # ifdef HAVE_STDLIB_H
| #  include <stdlib.h>
| # endif
| #endif
| #ifdef HAVE_STRING_H
| # if !defined STDC_HEADERS && defined HAVE_MEMORY_H
| #  include <memory.h>
| # endif
| # include <string.h>
| #endif
| #ifdef HAVE_STRINGS_H
| # include <strings.h>
| #endif
| #ifdef HAVE_INTTYPES_H
| # include <inttypes.h>
| #endif
| #ifdef HAVE_STDINT_H
| # include <stdint.h>
| #endif
| #ifdef HAVE_UNISTD_H
| # include <unistd.h>
| #endif
| int
| main ()
| {
| if (sizeof ((size_t)))
| 	    return 0;
|   ;
|   return 0;
| }
configure:10550: result: yes
configure:10565: checking for string.h
configure:10565: result: yes
configure:10565: checking for strings.h
configure:10565: result: yes
configure:10565: checking for unistd.h
configure:10565: result: yes
configure:10565: checking for stdint.h
configure:10565: result: yes
configure:10577: checking for floor in -lm
configure:10602: gcc -o conftest -m32   conftest.c -lm   >&5
conftest.c:32: warning: conflicting types for built-in function 'floor'
configure:10602: $? = 0
configure:10611: result: yes
configure:10724: checking Zlib install prefix
configure:10747: result: /usr
configure:10753: checking for deflate in -lz
configure:10778: gcc -o conftest -m32 -I/usr/include   -L/usr/lib conftest.c -lz   -lm -lz >&5
configure:10778: $? = 0
configure:10787: result: yes
configure:10913: checking whether GCC supports -fexceptions
configure:10921: result: yes
configure:11055: creating ./config.status

## ---------------------- ##
## Running config.status. ##
## ---------------------- ##

This file was extended by libhpdf config.status 2.2.1, which was
generated by GNU Autoconf 2.65.  Invocation command line was

  CONFIG_FILES    = 
  CONFIG_HEADERS  = 
  CONFIG_LINKS    = 
  CONFIG_COMMANDS = 
  $ ./config.status 

on Darkstar

config.status:1071: creating Makefile
config.status:1071: creating src/Makefile
config.status:1071: creating include/Makefile
config.status:1071: creating include/config.h
config.status:1243: include/config.h is unchanged
config.status:1291: executing include/hpdf_config.h commands
config.status:1329: creating: include/hpdf_config.h: prefix LIBHPDF for include/config.h defines
config.status:1352: unchanged include/hpdf_config.h
config.status:1291: executing depfiles commands
config.status:1291: executing libtool commands

## ---------------- ##
## Cache variables. ##
## ---------------- ##

ac_cv_build=i386-apple-darwin11.4.0
ac_cv_c_compiler_gnu=yes
ac_cv_env_CC_set=
ac_cv_env_CC_value=
ac_cv_env_CFLAGS_set=set
ac_cv_env_CFLAGS_value=-m32
ac_cv_env_CPPFLAGS_set=
ac_cv_env_CPPFLAGS_value=
ac_cv_env_CPP_set=
ac_cv_env_CPP_value=
ac_cv_env_LDFLAGS_set=
ac_cv_env_LDFLAGS_value=
ac_cv_env_LIBS_set=
ac_cv_env_LIBS_value=
ac_cv_env_build_alias_set=
ac_cv_env_build_alias_value=
ac_cv_env_host_alias_set=
ac_cv_env_host_alias_value=
ac_cv_env_target_alias_set=
ac_cv_env_target_alias_value=
ac_cv_header_dlfcn_h=yes
ac_cv_header_inttypes_h=yes
ac_cv_header_memory_h=yes
ac_cv_header_stdc=yes
ac_cv_header_stdint_h=yes
ac_cv_header_stdlib_h=yes
ac_cv_header_string_h=yes
ac_cv_header_strings_h=yes
ac_cv_header_sys_stat_h=yes
ac_cv_header_sys_types_h=yes
ac_cv_header_unistd_h=yes
ac_cv_host=i386-apple-darwin11.4.0
ac_cv_lib_m_floor=yes
ac_cv_lib_z_deflate=yes
ac_cv_objext=o
ac_cv_path_EGREP='/usr/bin/grep -E'
ac_cv_path_FGREP='/usr/bin/grep -F'
ac_cv_path_GREP=/usr/bin/grep
ac_cv_path_SED=/usr/bin/sed
ac_cv_path_install='/usr/bin/install -c'
ac_cv_prog_AWK=awk
ac_cv_prog_CPP='gcc -E'
ac_cv_prog_ac_ct_AR=ar
ac_cv_prog_ac_ct_CC=gcc
ac_cv_prog_ac_ct_DSYMUTIL=dsymutil
ac_cv_prog_ac_ct_LIPO=lipo
ac_cv_prog_ac_ct_NMEDIT=nmedit
ac_cv_prog_ac_ct_OTOOL=otool
ac_cv_prog_ac_ct_RANLIB=ranlib
ac_cv_prog_ac_ct_STRIP=strip
ac_cv_prog_cc_c89=
ac_cv_prog_cc_g=yes
ac_cv_prog_make_make_set=yes
ac_cv_type_size_t=yes
am_cv_CC_dependencies_compiler_type=gcc3
lt_cv_apple_cc_single_mod=yes
lt_cv_deplibs_check_method=pass_all
lt_cv_file_magic_cmd='$MAGIC_CMD'
lt_cv_file_magic_test_file=
lt_cv_ld_exported_symbols_list=yes
lt_cv_ld_reload_flag=-r
lt_cv_nm_interface='BSD nm'
lt_cv_objdir=.libs
lt_cv_path_LD=/usr/llvm-gcc-4.2/libexec/gcc/i686-apple-darwin11/4.2.1/ld
lt_cv_path_NM=/usr/bin/nm
lt_cv_prog_compiler_c_o=yes
lt_cv_prog_compiler_pic_works=yes
lt_cv_prog_compiler_rtti_exceptions=no
lt_cv_prog_compiler_static_works=no
lt_cv_prog_gnu_ld=no
lt_cv_sys_global_symbol_pipe='sed -n -e '\''s/^.*[	 ]\([BCDEGRST][BCDEGRST]*\)[	 ][	 ]*_\([_A-Za-z][_A-Za-z0-9]*\)$/\1 _\2 \2/p'\'''
lt_cv_sys_global_symbol_to_c_name_address='sed -n -e '\''s/^: \([^ ]*\) $/  {\"\1\", (void *) 0},/p'\'' -e '\''s/^[BCDEGRST]* \([^ ]*\) \([^ ]*\)$/  {"\2", (void *) \&\2},/p'\'''
lt_cv_sys_global_symbol_to_c_name_address_lib_prefix='sed -n -e '\''s/^: \([^ ]*\) $/  {\"\1\", (void *) 0},/p'\'' -e '\''s/^[BCDEGRST]* \([^ ]*\) \(lib[^ ]*\)$/  {"\2", (void *) \&\2},/p'\'' -e '\''s/^[BCDEGRST]* \([^ ]*\) \([^ ]*\)$/  {"lib\2", (void *) \&\2},/p'\'''
lt_cv_sys_global_symbol_to_cdecl='sed -n -e '\''s/^T .* \(.*\)$/extern int \1();/p'\'' -e '\''s/^[BCDEGRST]* .* \(.*\)$/extern char \1;/p'\'''
lt_cv_sys_max_cmd_len=196608

## ----------------- ##
## Output variables. ##
## ----------------- ##

ACLOCAL='${SHELL} /Users/zack/Maxilla/libharu-2.2.1/missing --run aclocal-1.11'
AMDEPBACKSLASH='\'
AMDEP_FALSE='#'
AMDEP_TRUE=''
AMTAR='${SHELL} /Users/zack/Maxilla/libharu-2.2.1/missing --run tar'
AR='ar'
AUTOCONF='${SHELL} /Users/zack/Maxilla/libharu-2.2.1/missing --run autoconf'
AUTOHEADER='${SHELL} /Users/zack/Maxilla/libharu-2.2.1/missing --run autoheader'
AUTOMAKE='${SHELL} /Users/zack/Maxilla/libharu-2.2.1/missing --run automake-1.11'
AWK='awk'
CC='gcc'
CCDEPMODE='depmode=gcc3'
CFLAGS='-m32 -I/usr/include -fexceptions'
CPP='gcc -E'
CPPFLAGS=''
CYGPATH_W='echo'
DEFS='-DHAVE_CONFIG_H'
DEPDIR='.deps'
DSYMUTIL='dsymutil'
DUMPBIN=''
ECHO_C='\c'
ECHO_N=''
ECHO_T=''
EGREP='/usr/bin/grep -E'
EXEEXT=''
FGREP='/usr/bin/grep -F'
GREP='/usr/bin/grep'
INSTALL_DATA='${INSTALL} -m 644'
INSTALL_PROGRAM='${INSTALL}'
INSTALL_SCRIPT='${INSTALL}'
INSTALL_STRIP_FLAG='-s'
INSTALL_STRIP_PROGRAM='$(install_sh) -c -s'
LD='/usr/llvm-gcc-4.2/libexec/gcc/i686-apple-darwin11/4.2.1/ld'
LDFLAGS=' -L/usr/lib'
LIBOBJS=''
LIBS='-lz  -lm -lz -lm'
LIBTOOL='$(SHELL) $(top_builddir)/libtool'
LIPO='lipo'
LN_S='ln -s'
LTLIBOBJS=''
MAINT='#'
MAINTAINER_MODE_FALSE=''
MAINTAINER_MODE_TRUE='#'
MAKEINFO='${SHELL} /Users/zack/Maxilla/libharu-2.2.1/missing --run makeinfo'
MKDIR_P='./install-sh -c -d'
NM='/usr/bin/nm'
NMEDIT='nmedit'
OBJDUMP='false'
OBJEXT='o'
OTOOL64=':'
OTOOL='otool'
PACKAGE='libhpdf'
PACKAGE_BUGREPORT=''
PACKAGE_NAME='libhpdf'
PACKAGE_STRING='libhpdf 2.2.1'
PACKAGE_TARNAME='libhpdf'
PACKAGE_URL=''
PACKAGE_VERSION='2.2.1'
PATH_SEPARATOR=':'
RANLIB='ranlib'
SED='/usr/bin/sed'
SET_MAKE=''
SHELL='/bin/sh'
STRIP='strip'
VERSION='2.2.1'
ac_ct_CC='gcc'
ac_ct_DUMPBIN=''
am__EXEEXT_FALSE=''
am__EXEEXT_TRUE='#'
am__fastdepCC_FALSE='#'
am__fastdepCC_TRUE=''
am__include='include'
am__isrc=''
am__leading_dot='.'
am__quote=''
am__tar='${AMTAR} chof - "$$tardir"'
am__untar='${AMTAR} xf -'
bindir='${exec_prefix}/bin'
build='i386-apple-darwin11.4.0'
build_alias=''
build_cpu='i386'
build_os='darwin11.4.0'
build_vendor='apple'
datadir='${datarootdir}'
datarootdir='${prefix}/share'
docdir='${datarootdir}/doc/${PACKAGE_TARNAME}'
dvidir='${docdir}'
exec_prefix='${prefix}'
host='i386-apple-darwin11.4.0'
host_alias=''
host_cpu='i386'
host_os='darwin11.4.0'
host_vendor='apple'
htmldir='${docdir}'
includedir='${prefix}/include'
infodir='${datarootdir}/info'
install_sh='${SHELL} /Users/zack/Maxilla/libharu-2.2.1/install-sh'
libdir='${exec_prefix}/lib'
libexecdir='${exec_prefix}/libexec'
localedir='${datarootdir}/locale'
localstatedir='${prefix}/var'
lt_ECHO='/bin/echo'
mandir='${datarootdir}/man'
mkdir_p='$(top_builddir)/./install-sh -c -d'
oldincludedir='/usr/include'
pdfdir='${docdir}'
prefix='/usr/local'
program_transform_name='s,x,x,'
psdir='${docdir}'
sbindir='${exec_prefix}/sbin'
sharedstatedir='${prefix}/com'
sysconfdir='${prefix}/etc'
target_alias=''

## ----------- ##
## confdefs.h. ##
## ----------- ##

/* confdefs.h */
#define PACKAGE_NAME "libhpdf"
#define PACKAGE_TARNAME "libhpdf"
#define PACKAGE_VERSION "2.2.1"
#define PACKAGE_STRING "libhpdf 2.2.1"
#define PACKAGE_BUGREPORT ""
#define PACKAGE_URL ""
#define STDC_HEADERS 1
#define HAVE_SYS_TYPES_H 1
#define HAVE_SYS_STAT_H 1
#define HAVE_STDLIB_H 1
#define HAVE_STRING_H 1
#define HAVE_MEMORY_H 1
#define HAVE_STRINGS_H 1
#define HAVE_INTTYPES_H 1
#define HAVE_STDINT_H 1
#define HAVE_UNISTD_H 1
#define HAVE_DLFCN_H 1
#define LT_OBJDIR ".libs/"
#define HAVE_STRING_H 1
#define HAVE_STRINGS_H 1
#define HAVE_UNISTD_H 1
#define HAVE_STDINT_H 1
#define HAVE_LIBZ 1
#define HAVE_NOPNGLIB /**/

configure: exit 0
